<?xml version="1.0" encoding="UTF-8"?>
<testng-results skipped="0" failed="0" ignored="0" total="1" passed="1">
  <reporter-output>
  </reporter-output>
  <suite name="Surefire suite" duration-ms="734" started-at="2018-04-15T06:06:31Z" finished-at="2018-04-15T06:06:32Z">
    <groups>
    </groups>
    <test name="Surefire test" duration-ms="734" started-at="2018-04-15T06:06:31Z" finished-at="2018-04-15T06:06:32Z">
      <class name="AppDemo.AppTest">
        <test-method status="PASS" signature="shouldAnswerWithTrue()" name="shouldAnswerWithTrue" duration-ms="72" started-at="2018-04-15T06:06:32Z" finished-at="2018-04-15T06:06:32Z">
          <reporter-output>
          </reporter-output>
        </test-method> <!-- shouldAnswerWithTrue -->
      </class> <!-- AppDemo.AppTest -->
    </test> <!-- Surefire test -->
  </suite> <!-- Surefire suite -->
</testng-results>
